<?xml version="1.0" encoding="UTF-8"?>
<!-- Generated by org.testng.reporters.JUnitReportReporter -->
<testsuite hostname="JKTBLRLAP471" failures="0" tests="1" name="ExtentReport.Chapter5" time="1.514" errors="0" timestamp="2022-08-20T11:41:49 IST" skipped="0">
  <testcase classname="ExtentReport.Chapter5" name="test" time="1.514"/>
  <system-out/>
</testsuite> <!-- ExtentReport.Chapter5 -->
