<?xml version="1.0" encoding="UTF-8"?>
<!-- Generated by org.testng.reporters.JUnitReportReporter -->
<testsuite hostname="JKTBLRLAP471" failures="0" tests="1" name="ExtentReport.Chapter10" time="1.864" errors="0" timestamp="2022-08-25T10:40:00 IST" skipped="0">
  <testcase classname="ExtentReport.Chapter10" name="test" time="1.864"/>
  <system-out/>
</testsuite> <!-- ExtentReport.Chapter10 -->
