<?xml version="1.0" encoding="UTF-8"?>
<!-- Generated by org.testng.reporters.JUnitReportReporter -->
<testsuite hostname="JKTBLRLAP471" failures="0" tests="1" name="ExtentReport.chapter4" time="1.874" errors="0" timestamp="2022-08-19T12:13:23 IST" skipped="0">
  <testcase classname="ExtentReport.chapter4" name="test" time="1.874"/>
  <system-out/>
</testsuite> <!-- ExtentReport.chapter4 -->
