<?xml version="1.0" encoding="UTF-8"?>
<!-- Generated by org.testng.reporters.JUnitReportReporter -->
<testsuite hostname="JKTBLRLAP471" failures="0" tests="1" name="ExtentReport.Chapter9" time="9.324" errors="0" timestamp="2022-08-25T09:41:25 IST" skipped="0">
  <testcase classname="ExtentReport.Chapter9" name="test" time="9.324"/>
  <system-out/>
</testsuite> <!-- ExtentReport.Chapter9 -->
