<?xml version="1.0" encoding="UTF-8"?>
<!-- Generated by org.testng.reporters.JUnitReportReporter -->
<testsuite hostname="JKTBLRLAP471" failures="0" tests="1" name="log4j.TestLog" time="11.673" errors="0" timestamp="2022-08-18T12:44:19 IST" skipped="0">
  <testcase classname="log4j.TestLog" name="Test" time="11.673"/>
  <system-out/>
</testsuite> <!-- log4j.TestLog -->
