<?xml version="1.0" encoding="UTF-8"?>
<!-- Generated by org.testng.reporters.JUnitReportReporter -->
<testsuite hostname="JKTBLRLAP471" failures="0" tests="1" name="ExtentReport.Chapter7" time="1.482" errors="0" timestamp="2022-08-25T08:12:26 IST" skipped="0">
  <testcase classname="ExtentReport.Chapter7" name="test" time="1.482"/>
  <system-out/>
</testsuite> <!-- ExtentReport.Chapter7 -->
