<?xml version="1.0" encoding="UTF-8"?>
<!-- Generated by org.testng.reporters.JUnitReportReporter -->
<testsuite hostname="JKTBLRLAP471" failures="0" tests="1" name="StaticWebTables.BaseClass" time="19.855" errors="0" timestamp="2022-08-18T09:48:12 IST" skipped="0">
  <testcase classname="StaticWebTables.BaseClass" name="CandR" time="19.855"/>
  <system-out/>
</testsuite> <!-- StaticWebTables.BaseClass -->
