<?xml version="1.0" encoding="UTF-8"?>
<!-- Generated by org.testng.reporters.JUnitReportReporter -->
<testsuite hostname="JKTBLRLAP471" failures="0" tests="1" name="ExtentReport.Chapter8" time="1.709" errors="0" timestamp="2022-08-25T09:09:36 IST" skipped="0">
  <testcase classname="ExtentReport.Chapter8" name="test" time="1.709"/>
  <system-out/>
</testsuite> <!-- ExtentReport.Chapter8 -->
