<?xml version="1.0" encoding="UTF-8"?>
<!-- Generated by org.testng.reporters.JUnitReportReporter -->
<testsuite hostname="JKTBLRLAP471" failures="0" tests="1" name="ExtentReport.Chapter11" time="2.788" errors="0" timestamp="2022-08-25T16:01:44 IST" skipped="0">
  <testcase classname="ExtentReport.Chapter11" name="test" time="2.788"/>
  <system-out/>
</testsuite> <!-- ExtentReport.Chapter11 -->
