<?xml version="1.0" encoding="UTF-8"?>
<!-- Generated by org.testng.reporters.JUnitReportReporter -->
<testsuite hostname="JKTBLRLAP471" failures="0" tests="1" name="ExtentReport.BaseClass" time="1.565" errors="0" timestamp="2022-08-19T11:59:16 IST" skipped="0">
  <testcase classname="ExtentReport.BaseClass" name="test" time="1.565"/>
  <system-out/>
</testsuite> <!-- ExtentReport.BaseClass -->
